<?xml version="1.0" encoding="UTF-8"?>
<!-- Generated by org.testng.reporters.JUnitReportReporter -->
<testsuite hostname="LAPTOP-S2UPK277" failures="1" tests="1" name="runners.TestRunner" time="16.751" errors="0" timestamp="2026-02-04T05:33:04 IST" skipped="0">
  <testcase classname="runners.TestRunner" name="runScenario" time="16.751">
    <failure message="expected [Dashboard / nopCommerce administration] but found [Just a moment...]" type="java.lang.AssertionError">
      <![CDATA[java.lang.AssertionError: expected [Dashboard / nopCommerce administration] but found [Just a moment...]
at org.testng.Assert.fail(Assert.java:111)
at org.testng.Assert.failNotEquals(Assert.java:1590)
at org.testng.Assert.assertEqualsImpl(Assert.java:150)
at org.testng.Assert.assertEquals(Assert.java:132)
at org.testng.Assert.assertEquals(Assert.java:656)
at org.testng.Assert.assertEquals(Assert.java:666)
at stepDefinitions.Steps.page_Title_should_be(Steps.java:44)
at âœ½.Page Title should be "Dashboard / nopCommerce administration"(file:///C:/Users/LAPTOP/eclipse-workspace/BLOGHUB/src/test/resources/Features/Login.feature:8)
]]>
    </failure>
  </testcase> <!-- runScenario -->
</testsuite> <!-- runners.TestRunner -->
