<?xml version="1.0" encoding="UTF-8"?>
<!-- Generated by org.testng.reporters.JUnitReportReporter -->
<testsuite hostname="LAPTOP-S2UPK277" failures="0" tests="5" name="dashboard.DashboardTest" time="8.603" errors="0" timestamp="2026-02-11T21:34:55 IST" skipped="0">
  <testcase classname="dashboard.DashboardTest" name="verifyDashboardLoaded" time="0.157"/>
  <testcase classname="dashboard.DashboardTest" name="verifyButtons" time="8.205"/>
  <testcase classname="dashboard.DashboardTest" name="verifySidebarMenus" time="0.078"/>
  <testcase classname="dashboard.DashboardTest" name="verifyCharts" time="0.034"/>
  <testcase classname="dashboard.DashboardTest" name="verifyLinks" time="0.129"/>
</testsuite> <!-- dashboard.DashboardTest -->
